#
# There is insufficient memory for the Java Runtime Environment to continue.
# Native memory allocation (mmap) failed to map 268435456 bytes for G1 virtual space
# Possible reasons:
#   The system is out of physical RAM or swap space
#   The process is running with CompressedOops enabled, and the Java Heap may be blocking the growth of the native heap
# Possible solutions:
#   Reduce memory load on the system
#   Increase physical memory or swap space
#   Check if swap backing store is full
#   Decrease Java heap size (-Xmx/-Xms)
#   Decrease number of Java threads
#   Decrease Java thread stack sizes (-Xss)
#   Set larger code cache with -XX:ReservedCodeCacheSize=
#   JVM is running with Zero Based Compressed Oops mode in which the Java heap is
#     placed in the first 32GB address space. The Java Heap base address is the
#     maximum limit for the native heap growth. Please use -XX:HeapBaseMinAddress
#     to set the Java Heap base and to place the Java Heap above 32GB virtual address.
# This output file may be truncated or incomplete.
#
#  Out of Memory Error (os_windows.cpp:3466), pid=7860, tid=3808
#
# JRE version:  (16.0.1+9) (build )
# Java VM: OpenJDK 64-Bit Server VM (16.0.1+9-24, mixed mode, sharing, tiered, compressed oops, compressed class ptrs, g1 gc, windows-amd64)
# No core dump will be written. Minidumps are not enabled by default on client versions of Windows
#

---------------  S U M M A R Y ------------

Command Line: -Dfile.encoding=Cp1252 --module-path=C:\Users\amirz\eclipse-workspace\Java_Programming_Interview_Prep\bin -XX:+ShowCodeDetailsInExceptionMessages -Djdk.module.main=Java_Programming_Interview_Prep Java_Programming_Interview_Prep/Leetcode.searchRotatedArray

Host: Intel(R) Core(TM) i7-7700HQ CPU @ 2.80GHz, 8 cores, 15G,  Windows 10 , 64 bit Build 19041 (10.0.19041.1023)
Time: Sun Jul 25 22:33:31 2021 Bangladesh Standard Time elapsed time: 0.017026 seconds (0d 0h 0m 0s)

---------------  T H R E A D  ---------------

Current thread (0x000002549dda3a00):  JavaThread "Unknown thread" [_thread_in_vm, id=3808, stack(0x0000008b2a300000,0x0000008b2a400000)]

Stack: [0x0000008b2a300000,0x0000008b2a400000]
Native frames: (J=compiled Java code, j=interpreted, Vv=VM code, C=native code)
V  [jvm.dll+0x6687ca]
V  [jvm.dll+0x7ca3c9]
V  [jvm.dll+0x7cbb53]
V  [jvm.dll+0x7cc1b3]
V  [jvm.dll+0x242ea5]
V  [jvm.dll+0x665589]
V  [jvm.dll+0x65a175]
V  [jvm.dll+0x2fc5ab]
V  [jvm.dll+0x3037a6]
V  [jvm.dll+0x352fee]
V  [jvm.dll+0x35321f]
V  [jvm.dll+0x2d3618]
V  [jvm.dll+0x2d4854]
V  [jvm.dll+0x79ccb1]
V  [jvm.dll+0x360de1]
V  [jvm.dll+0x77a990]
V  [jvm.dll+0x3e55af]
V  [jvm.dll+0x3e7081]
C  [jli.dll+0x52fb]
C  [ucrtbase.dll+0x21bb2]
C  [KERNEL32.DLL+0x17034]
C  [ntdll.dll+0x52651]


---------------  P R O C E S S  ---------------

Threads class SMR info:
_java_thread_list=0x00007ffc42f8cbb8, length=0, elements={
}

Java Threads: ( => current thread )

Other Threads:
  0x000002549ddefa00 GCTaskThread "GC Thread#0" [stack: 0x0000008b2a400000,0x0000008b2a500000] [id=12416]
  0x000002549de02200 ConcurrentGCThread "G1 Main Marker" [stack: 0x0000008b2a500000,0x0000008b2a600000] [id=15764]
  0x000002549de03c80 ConcurrentGCThread "G1 Conc#0" [stack: 0x0000008b2a600000,0x0000008b2a700000] [id=6884]

[error occurred during error reporting (printing all threads), id 0xc0000005, EXCEPTION_ACCESS_VIOLATION (0xc0000005) at pc=0x00007ffc427644d7]

VM state: not at safepoint (not fully initialized)

VM Mutex/Monitor currently owned by a thread:  ([mutex/lock_event])
[0x000002549dd9dbb0] Heap_lock - owner thread: 0x000002549dda3a00

Heap address: 0x0000000701c00000, size: 4068 MB, Compressed Oops mode: Zero based, Oop shift amount: 3

CDS archive(s) mapped at: [0x0000000000000000-0x0000000000000000-0x0000000000000000), size 0, SharedBaseAddress: 0x0000000800000000, ArchiveRelocationMode: 0.
Narrow klass base: 0x0000000000000000, Narrow klass shift: 0, Narrow klass range: 0x0

GC Precious Log:
<Empty>

Heap:
 garbage-first heap   total 0K, used 0K [0x0000000701c00000, 0x0000000800000000)
  region size 2048K, 0 young (0K), 0 survivors (0K)

[error occurred during error reporting (printing heap information), id 0xc0000005, EXCEPTION_ACCESS_VIOLATION (0xc0000005) at pc=0x00007ffc42b424ed]

GC Heap History (0 events):
No events

Deoptimization events (0 events):
No events

Classes unloaded (0 events):
No events

Classes redefined (0 events):
No events

Internal exceptions (0 events):
No events

Events (1 events):
Event: 0.010 Loaded shared library C:\Users\amirz\.p2\pool\plugins\org.eclipse.justj.openjdk.hotspot.jre.full.win32.x86_64_16.0.1.v20210528-1205\jre\bin\java.dll


Dynamic libraries:
0x00007ff7e59e0000 - 0x00007ff7e59ee000 	C:\Users\amirz\.p2\pool\plugins\org.eclipse.justj.openjdk.hotspot.jre.full.win32.x86_64_16.0.1.v20210528-1205\jre\bin\javaw.exe
0x00007ffc849b0000 - 0x00007ffc84ba5000 	C:\Windows\SYSTEM32\ntdll.dll
0x00007ffc5f950000 - 0x00007ffc5f963000 	C:\Program Files\Avast Software\Avast\aswhook.dll
0x00007ffc82b40000 - 0x00007ffc82bfd000 	C:\Windows\System32\KERNEL32.DLL
0x00007ffc821a0000 - 0x00007ffc82469000 	C:\Windows\System32\KERNELBASE.dll
0x00007ffc825b0000 - 0x00007ffc826b0000 	C:\Windows\System32\ucrtbase.dll
0x00007ffc6c800000 - 0x00007ffc6c818000 	C:\Users\amirz\.p2\pool\plugins\org.eclipse.justj.openjdk.hotspot.jre.full.win32.x86_64_16.0.1.v20210528-1205\jre\bin\jli.dll
0x00007ffc6b930000 - 0x00007ffc6b949000 	C:\Users\amirz\.p2\pool\plugins\org.eclipse.justj.openjdk.hotspot.jre.full.win32.x86_64_16.0.1.v20210528-1205\jre\bin\VCRUNTIME140.dll
0x00007ffc83f90000 - 0x00007ffc84130000 	C:\Windows\System32\USER32.dll
0x00007ffc82580000 - 0x00007ffc825a2000 	C:\Windows\System32\win32u.dll
0x00007ffc84130000 - 0x00007ffc8415a000 	C:\Windows\System32\GDI32.dll
0x00007ffc67710000 - 0x00007ffc679aa000 	C:\Windows\WinSxS\amd64_microsoft.windows.common-controls_6595b64144ccf1df_6.0.19041.1110_none_60b5254171f9507e\COMCTL32.dll
0x00007ffc82470000 - 0x00007ffc8257b000 	C:\Windows\System32\gdi32full.dll
0x00007ffc843e0000 - 0x00007ffc8447e000 	C:\Windows\System32\msvcrt.dll
0x00007ffc82920000 - 0x00007ffc829bd000 	C:\Windows\System32\msvcp_win.dll
0x00007ffc848c0000 - 0x00007ffc848f0000 	C:\Windows\System32\IMM32.DLL
0x00007ffc7bd00000 - 0x00007ffc7bd0c000 	C:\Users\amirz\.p2\pool\plugins\org.eclipse.justj.openjdk.hotspot.jre.full.win32.x86_64_16.0.1.v20210528-1205\jre\bin\vcruntime140_1.dll
0x00007ffc4c3b0000 - 0x00007ffc4c441000 	C:\Users\amirz\.p2\pool\plugins\org.eclipse.justj.openjdk.hotspot.jre.full.win32.x86_64_16.0.1.v20210528-1205\jre\bin\msvcp140.dll
0x00007ffc42480000 - 0x00007ffc4302b000 	C:\Users\amirz\.p2\pool\plugins\org.eclipse.justj.openjdk.hotspot.jre.full.win32.x86_64_16.0.1.v20210528-1205\jre\bin\server\jvm.dll
0x00007ffc84760000 - 0x00007ffc8480c000 	C:\Windows\System32\ADVAPI32.dll
0x00007ffc83650000 - 0x00007ffc836eb000 	C:\Windows\System32\sechost.dll
0x00007ffc83520000 - 0x00007ffc8364a000 	C:\Windows\System32\RPCRT4.dll
0x00007ffc84750000 - 0x00007ffc84758000 	C:\Windows\System32\PSAPI.DLL
0x00007ffc76fd0000 - 0x00007ffc76fd9000 	C:\Windows\SYSTEM32\WSOCK32.dll
0x00007ffc624b0000 - 0x00007ffc624d7000 	C:\Windows\SYSTEM32\WINMM.dll
0x00007ffc7c2d0000 - 0x00007ffc7c2da000 	C:\Windows\SYSTEM32\VERSION.dll
0x00007ffc84160000 - 0x00007ffc841cb000 	C:\Windows\System32\WS2_32.dll
0x00007ffc80020000 - 0x00007ffc80032000 	C:\Windows\SYSTEM32\kernel.appcore.dll
0x00007ffc7f830000 - 0x00007ffc7f83a000 	C:\Users\amirz\.p2\pool\plugins\org.eclipse.justj.openjdk.hotspot.jre.full.win32.x86_64_16.0.1.v20210528-1205\jre\bin\jimage.dll
0x00007ffc7a200000 - 0x00007ffc7a3e4000 	C:\Windows\SYSTEM32\DBGHELP.DLL
0x00007ffc7a110000 - 0x00007ffc7a13c000 	C:\Windows\SYSTEM32\dbgcore.DLL
0x00007ffc82860000 - 0x00007ffc828e3000 	C:\Windows\System32\bcryptPrimitives.dll
0x00007ffc79610000 - 0x00007ffc79635000 	C:\Users\amirz\.p2\pool\plugins\org.eclipse.justj.openjdk.hotspot.jre.full.win32.x86_64_16.0.1.v20210528-1205\jre\bin\java.dll

dbghelp: loaded successfully - version: 4.0.5 - missing functions: none
symbol engine: initialized successfully - sym options: 0x614 - pdb path: .;C:\Users\amirz\.p2\pool\plugins\org.eclipse.justj.openjdk.hotspot.jre.full.win32.x86_64_16.0.1.v20210528-1205\jre\bin;C:\Windows\SYSTEM32;C:\Program Files\Avast Software\Avast;C:\Windows\WinSxS\amd64_microsoft.windows.common-controls_6595b64144ccf1df_6.0.19041.1110_none_60b5254171f9507e;C:\Users\amirz\.p2\pool\plugins\org.eclipse.justj.openjdk.hotspot.jre.full.win32.x86_64_16.0.1.v20210528-1205\jre\bin\server

VM Arguments:
jvm_args: -Dfile.encoding=Cp1252 --module-path=C:\Users\amirz\eclipse-workspace\Java_Programming_Interview_Prep\bin -XX:+ShowCodeDetailsInExceptionMessages -Djdk.module.main=Java_Programming_Interview_Prep 
java_command: Java_Programming_Interview_Prep/Leetcode.searchRotatedArray
java_class_path (initial): <not set>
Launcher Type: SUN_STANDARD

[Global flags]
     intx CICompilerCount                          = 4                                         {product} {ergonomic}
     uint ConcGCThreads                            = 2                                         {product} {ergonomic}
     uint G1ConcRefinementThreads                  = 8                                         {product} {ergonomic}
   size_t G1HeapRegionSize                         = 2097152                                   {product} {ergonomic}
    uintx GCDrainStackTargetSize                   = 64                                        {product} {ergonomic}
   size_t InitialHeapSize                          = 268435456                                 {product} {ergonomic}
   size_t MarkStackSize                            = 4194304                                   {product} {ergonomic}
   size_t MaxHeapSize                              = 4265607168                                {product} {ergonomic}
   size_t MinHeapDeltaBytes                        = 2097152                                   {product} {ergonomic}
   size_t MinHeapSize                              = 8388608                                   {product} {ergonomic}
    uintx NonNMethodCodeHeapSize                   = 5839372                                {pd product} {ergonomic}
    uintx NonProfiledCodeHeapSize                  = 122909434                              {pd product} {ergonomic}
    uintx ProfiledCodeHeapSize                     = 122909434                              {pd product} {ergonomic}
    uintx ReservedCodeCacheSize                    = 251658240                              {pd product} {ergonomic}
     bool SegmentedCodeCache                       = true                                      {product} {ergonomic}
     bool ShowCodeDetailsInExceptionMessages       = true                                   {manageable} {command line}
   size_t SoftMaxHeapSize                          = 4265607168                             {manageable} {ergonomic}
     bool UseCompressedClassPointers               = true                           {product lp64_product} {ergonomic}
     bool UseCompressedOops                        = true                           {product lp64_product} {ergonomic}
     bool UseG1GC                                  = true                                      {product} {ergonomic}
     bool UseLargePagesIndividualAllocation        = false                                  {pd product} {ergonomic}

Logging:
Log output configuration:
 #0: stdout all=warning uptime,level,tags
 #1: stderr all=off uptime,level,tags

Environment Variables:
PATH=C:/Users/amirz/.p2/pool/plugins/org.eclipse.justj.openjdk.hotspot.jre.full.win32.x86_64_16.0.1.v20210528-1205/jre/bin/server;C:/Users/amirz/.p2/pool/plugins/org.eclipse.justj.openjdk.hotspot.jre.full.win32.x86_64_16.0.1.v20210528-1205/jre/bin;C:\Windows\system32;C:\Windows;C:\Windows\System32\Wbem;C:\Windows\System32\WindowsPowerShell\v1.0\;C:\Windows\System32\OpenSSH\;C:\Program Files (x86)\NVIDIA Corporation\PhysX\Common;C:\Program Files\NVIDIA Corporation\NVIDIA NvDLISR;C:\Program Files (x86)\nodejs\;C:\ProgramData\chocolatey\bin;C:\Program Files\Microsoft SQL Server\130\Tools\Binn\;C:\Program Files\Git\cmd;C:\Users\amirz\AppData\Local\Microsoft\WindowsApps;C:\Users\amirz\AppData\Roaming\npm;C:\Program Files\JetBrains\PyCharm Community Edition 2021.1.2\bin;;C:\Users\amirz\AppData\Local\Programs\Microsoft VS Code\bin;C:\Users\amirz\OneDrive\Desktop;
USERNAME=amirz
OS=Windows_NT
PROCESSOR_IDENTIFIER=Intel64 Family 6 Model 158 Stepping 9, GenuineIntel



---------------  S Y S T E M  ---------------

OS:
 Windows 10 , 64 bit Build 19041 (10.0.19041.1023)
OS uptime: 10 days 17:50 hours

CPU: total 8 (initial active 8) (4 cores per cpu, 2 threads per core) family 6 model 158 stepping 9 microcode 0xde, cx8, cmov, fxsr, ht, mmx, 3dnowpref, sse, sse2, sse3, ssse3, sse4.1, sse4.2, popcnt, lzcnt, tsc, tscinvbit, avx, avx2, aes, erms, clmul, bmi1, bmi2, adx, fma, vzeroupper, clflush, clflushopt

Memory: 4k page, system-wide physical 16267M (1081M free)
TotalPageFile size 45512M (AvailPageFile size 214M)
current process WorkingSet (physical memory assigned to process): 10M, peak: 10M
current process commit charge ("private bytes"): 60M, peak: 316M

vm_info: OpenJDK 64-Bit Server VM (16.0.1+9-24) for windows-amd64 JRE (16.0.1+9-24), built on Mar 26 2021 19:30:07 by "mach5one" with MS VC++ 16.7 (VS2019)

END.
